============================= test session starts =============================
platform win32 -- Python 3.11.14, pytest-9.0.2, pluggy-1.6.0 -- D:\Code\DATN\DATN-Chatbot\api_gateway\.venv\Scripts\python.exe
cachedir: .pytest_cache
rootdir: D:\Code\DATN\DATN-Chatbot\api_gateway
configfile: pyproject.toml
plugins: anyio-4.12.1, asyncio-1.3.0, cov-7.0.0
asyncio: mode=Mode.AUTO, debug=False, asyncio_default_fixture_loop_scope=None, asyncio_default_test_loop_scope=function
collecting ... collected 25 items

tests/test_chat_performance.py::TestGreetingTTFT::test_greeting_ttft[Xin chao] PASSED [  4%]
tests/test_chat_performance.py::TestGreetingTTFT::test_greeting_ttft[Hello] PASSED [  8%]
tests/test_chat_performance.py::TestGreetingTTFT::test_greeting_ttft[Chao ban] PASSED [ 12%]
tests/test_chat_performance.py::TestGreetingTTFT::test_greeting_ttft[Ban la ai?] PASSED [ 16%]
tests/test_chat_performance.py::TestGreetingTTFT::test_greeting_ttft[Ban lam duoc gi?] PASSED [ 20%]
tests/test_chat_performance.py::TestGreetingTTFT::test_greeting_ttft[Hi there] PASSED [ 24%]
tests/test_chat_performance.py::TestGreetingTTFT::test_greeting_ttft[Good morning] PASSED [ 28%]
tests/test_chat_performance.py::TestGreetingTTFT::test_greeting_ttft[Cam on ban] PASSED [ 32%]
tests/test_chat_performance.py::TestGreetingTTFT::test_greeting_ttft[Goodbye] PASSED [ 36%]
tests/test_chat_performance.py::TestGreetingTTFT::test_greeting_ttft[Have a nice day] PASSED [ 40%]
tests/test_chat_performance.py::TestGreetingTTFT::test_greeting_avg_ttft PASSED [ 44%]
tests/test_chat_performance.py::TestComplexQuestionTTFT::test_complex_ttft[\u0110\u1ed1i t\u01b0\u1ee3ng d\u1ef1 tuy\u1ec3n \u0111\u1ed1i v\u1edbi c\xe1c ch\u01b0\u01a1ng tr\xecnh: Ch\u01b0\u01a1ng tr\xecnh Ti\xeau chu\u1ea9n, Ch\u01b0\u01a1ng tr\xecnh D\u1ea1y v\xe0 h\u1ecdc b\u1eb1ng Ti\u1ebfng Anh, Ch\u01b0\u01a1ng tr\xecnh Ti\xean ti\u1ebfn, Ch\u01b0\u01a1ng tr\xecnh \u0110\u1ecbnh h\u01b0\u1edbng Nh\u1eadt B\u1ea3n] PASSED [ 48%]
tests/test_chat_performance.py::TestComplexQuestionTTFT::test_complex_ttft[T\xedn ch\u1ec9 t\u1ed1i thi\u1ec3u, t\u1ed1i \u0111a] PASSED [ 52%]
tests/test_chat_performance.py::TestComplexQuestionTTFT::test_complex_ttft[S\u1ed1 t\xedn ch\u1ec9 t\xedch l\u0169y r\xe0ng bu\u1ed9c khi \u0111\u0103ng k\xfd m\xf4n h\u1ecdc Th\u1ef1c t\u1eadp ngo\xe0i tr\u01b0\u1eddng (TTNT), Th\u1ef1c t\u1eadp K\u1ef9 s\u01b0 (TTKS), \u0110\u1ed3 \xe1n chuy\xean ng\xe0nh/\u0110\u1ec1 c\u01b0\u01a1ng lu\u1eadn v\u0103n (\u0110ACN), Lu\u1eadn v\u0103n/Kho\xe1 lu\u1eadn/\u0110\u1ed3 \xe1n t\u1ed1t nghi\u1ec7p (\u0110ATN)] PASSED [ 56%]
tests/test_chat_performance.py::TestComplexQuestionTTFT::test_complex_ttft[GI\u1edaI THI\u1ec6U TR\u01af\u1edcNG \u0110\u1ea0I H\u1eccC B\xc1CH KHOA - \u0110HQG-HCM] PASSED [ 60%]
tests/test_chat_performance.py::TestComplexQuestionTTFT::test_complex_ttft[ch\u01b0\u01a1ng tr\xecnh h\u1ecdc song ng\xe0nh] PASSED [ 64%]
tests/test_chat_performance.py::TestComplexQuestionTTFT::test_complex_ttft[X\u1ebfp TKB c\xe1c m\xf4n kh\xf4ng \u0111\u1ea1t cho Sinh vi\xean n\u0103m nh\u1ea5t] PASSED [ 68%]
tests/test_chat_performance.py::TestComplexQuestionTTFT::test_complex_ttft[K\u1ebf ho\u1ea1ch h\u1ecdc t\u1eadp c\u1ee7a SV c\xf3 \u0111i\u1ec3m trung b\xecnh t\xedch l\u0169y < 2.0] FAILED [ 72%]
tests/test_chat_performance.py::TestComplexQuestionTTFT::test_complex_ttft[Quy \u0111\u1ecbnh v\u1ec1 h\u1ecdc v\u1ee5 v\xe0 \u0111\xe0o t\u1ea1o b\u1eadc \u0111\u1ea1i h\u1ecdc] PASSED [ 76%]
tests/test_chat_performance.py::TestComplexQuestionTTFT::test_complex_ttft[Ng\u01b0\u1ee1ng \u0111\u1ea7u v\xe0o theo ch\u01b0\u01a1ng tr\xecnh \u0111\xe0o t\u1ea1o:] PASSED [ 80%]
tests/test_chat_performance.py::TestComplexQuestionTTFT::test_complex_ttft[C\xf4ng th\u1ee9c v\xe0 Thang \u0111i\u1ec3m X\xe9t tuy\u1ec3n] PASSED [ 84%]
tests/test_chat_performance.py::TestComplexQuestionTTFT::test_complex_avg_ttft PASSED [ 88%]
tests/test_chat_performance.py::TestStreamingDelivery::test_tokens_arrive_without_long_gaps PASSED [ 92%]
tests/test_chat_performance.py::TestStreamingDelivery::test_receives_multiple_tokens PASSED [ 96%]
tests/test_chat_performance.py::TestStreamingDelivery::test_first_event_is_not_text_for_rag PASSED [100%]

================================== FAILURES ===================================
_ TestComplexQuestionTTFT.test_complex_ttft[K\u1ebf ho\u1ea1ch h\u1ecdc t\u1eadp c\u1ee7a SV c\xf3 \u0111i\u1ec3m trung b\xecnh t\xedch l\u0169y < 2.0] _
tests\test_chat_performance.py:283: in test_complex_ttft
    assert ttft < 10.0, f"'{question}' TTFT={ttft:.2f}s, expected < 10s"
E   AssertionError: 'K\u1ebf ho\u1ea1ch h\u1ecdc t\u1eadp c\u1ee7a SV c\xf3 \u0111i\u1ec3m trung b\xecnh t\xedch l\u0169y < 2.0' TTFT=11.68s, expected < 10s
E   assert 11.679272651672363 < 10.0
=========================== short test summary info ===========================
FAILED tests/test_chat_performance.py::TestComplexQuestionTTFT::test_complex_ttft[K\u1ebf ho\u1ea1ch h\u1ecdc t\u1eadp c\u1ee7a SV c\xf3 \u0111i\u1ec3m trung b\xecnh t\xedch l\u0169y < 2.0]
================== 1 failed, 24 passed in 333.39s (0:05:33) ===================
